The system is: Darwin - 17.7.0 - x86_64
Compiling the C compiler identification source file "CMakeCCompilerId.c" succeeded.
Compiler: /Library/Developer/CommandLineTools/usr/bin/cc 
Build flags: 
Id flags:  

The output was:
0


Compilation of the C compiler identification source "CMakeCCompilerId.c" produced "a.out"

The C compiler identification is AppleClang, found in "/Users/qiangwang/workspace/grpc/examples/cpp/helloworld/cmake_externalproject/build/CMakeFiles/3.12.3/CompilerIdC/a.out"

Compiling the CXX compiler identification source file "CMakeCXXCompilerId.cpp" succeeded.
Compiler: /Users/qiangwang/homebrew/Cellar/gcc/8.2.0/bin/g++-8 
Build flags: 
Id flags:  

The output was:
0


Compilation of the CXX compiler identification source "CMakeCXXCompilerId.cpp" produced "a.out"

The CXX compiler identification is GNU, found in "/Users/qiangwang/workspace/grpc/examples/cpp/helloworld/cmake_externalproject/build/CMakeFiles/3.12.3/CompilerIdCXX/a.out"

Determining if the C compiler works passed with the following output:
Change Dir: /Users/qiangwang/workspace/grpc/examples/cpp/helloworld/cmake_externalproject/build/CMakeFiles/CMakeTmp

Run Build Command:"/usr/bin/make" "cmTC_cab18/fast"
/Library/Developer/CommandLineTools/usr/bin/make -f CMakeFiles/cmTC_cab18.dir/build.make CMakeFiles/cmTC_cab18.dir/build
Building C object CMakeFiles/cmTC_cab18.dir/testCCompiler.c.o
/Library/Developer/CommandLineTools/usr/bin/cc    -o CMakeFiles/cmTC_cab18.dir/testCCompiler.c.o   -c /Users/qiangwang/workspace/grpc/examples/cpp/helloworld/cmake_externalproject/build/CMakeFiles/CMakeTmp/testCCompiler.c
Linking C executable cmTC_cab18
/Applications/CMake.app/Contents/bin/cmake -E cmake_link_script CMakeFiles/cmTC_cab18.dir/link.txt --verbose=1
/Library/Developer/CommandLineTools/usr/bin/cc   -Wl,-search_paths_first -Wl,-headerpad_max_install_names -L/Users/qiangwang/homebrew/opt/llvm/lib  CMakeFiles/cmTC_cab18.dir/testCCompiler.c.o  -o cmTC_cab18 


Detecting C compiler ABI info compiled with the following output:
Change Dir: /Users/qiangwang/workspace/grpc/examples/cpp/helloworld/cmake_externalproject/build/CMakeFiles/CMakeTmp

Run Build Command:"/usr/bin/make" "cmTC_e402e/fast"
/Library/Developer/CommandLineTools/usr/bin/make -f CMakeFiles/cmTC_e402e.dir/build.make CMakeFiles/cmTC_e402e.dir/build
Building C object CMakeFiles/cmTC_e402e.dir/CMakeCCompilerABI.c.o
/Library/Developer/CommandLineTools/usr/bin/cc    -o CMakeFiles/cmTC_e402e.dir/CMakeCCompilerABI.c.o   -c /Applications/CMake.app/Contents/share/cmake-3.12/Modules/CMakeCCompilerABI.c
Linking C executable cmTC_e402e
/Applications/CMake.app/Contents/bin/cmake -E cmake_link_script CMakeFiles/cmTC_e402e.dir/link.txt --verbose=1
/Library/Developer/CommandLineTools/usr/bin/cc   -Wl,-search_paths_first -Wl,-headerpad_max_install_names -L/Users/qiangwang/homebrew/opt/llvm/lib -v -Wl,-v CMakeFiles/cmTC_e402e.dir/CMakeCCompilerABI.c.o  -o cmTC_e402e 
Apple LLVM version 10.0.0 (clang-1000.10.43.1)
Target: x86_64-apple-darwin17.7.0
Thread model: posix
InstalledDir: /Library/Developer/CommandLineTools/usr/bin
 "/Library/Developer/CommandLineTools/usr/bin/ld" -demangle -lto_library /Library/Developer/CommandLineTools/usr/lib/libLTO.dylib -dynamic -arch x86_64 -macosx_version_min 10.13.0 -o cmTC_e402e -L/Users/qiangwang/homebrew/opt/llvm/lib -search_paths_first -headerpad_max_install_names -v CMakeFiles/cmTC_e402e.dir/CMakeCCompilerABI.c.o -lSystem /Library/Developer/CommandLineTools/usr/lib/clang/10.0.0/lib/darwin/libclang_rt.osx.a
@(#)PROGRAM:ld  PROJECT:ld64-409.12
BUILD 15:39:49 Aug  8 2018
configured to support archs: armv6 armv7 armv7s arm64 i386 x86_64 x86_64h armv6m armv7k armv7m armv7em
Library search paths:
	/Users/qiangwang/homebrew/opt/llvm/lib
	/usr/lib
	/usr/local/lib
Framework search paths:
	/Library/Frameworks/
	/System/Library/Frameworks/


Parsed C implicit link information from above output:
  link line regex: [^( *|.*[/\])(ld|CMAKE_LINK_STARTFILE-NOTFOUND|([^/\]+-)?ld|collect2)[^/\]*( |$)]
  ignore line: [Change Dir: /Users/qiangwang/workspace/grpc/examples/cpp/helloworld/cmake_externalproject/build/CMakeFiles/CMakeTmp]
  ignore line: []
  ignore line: [Run Build Command:"/usr/bin/make" "cmTC_e402e/fast"]
  ignore line: [/Library/Developer/CommandLineTools/usr/bin/make -f CMakeFiles/cmTC_e402e.dir/build.make CMakeFiles/cmTC_e402e.dir/build]
  ignore line: [Building C object CMakeFiles/cmTC_e402e.dir/CMakeCCompilerABI.c.o]
  ignore line: [/Library/Developer/CommandLineTools/usr/bin/cc    -o CMakeFiles/cmTC_e402e.dir/CMakeCCompilerABI.c.o   -c /Applications/CMake.app/Contents/share/cmake-3.12/Modules/CMakeCCompilerABI.c]
  ignore line: [Linking C executable cmTC_e402e]
  ignore line: [/Applications/CMake.app/Contents/bin/cmake -E cmake_link_script CMakeFiles/cmTC_e402e.dir/link.txt --verbose=1]
  ignore line: [/Library/Developer/CommandLineTools/usr/bin/cc   -Wl,-search_paths_first -Wl,-headerpad_max_install_names -L/Users/qiangwang/homebrew/opt/llvm/lib -v -Wl,-v CMakeFiles/cmTC_e402e.dir/CMakeCCompilerABI.c.o  -o cmTC_e402e ]
  ignore line: [Apple LLVM version 10.0.0 (clang-1000.10.43.1)]
  ignore line: [Target: x86_64-apple-darwin17.7.0]
  ignore line: [Thread model: posix]
  ignore line: [InstalledDir: /Library/Developer/CommandLineTools/usr/bin]
  link line: [ "/Library/Developer/CommandLineTools/usr/bin/ld" -demangle -lto_library /Library/Developer/CommandLineTools/usr/lib/libLTO.dylib -dynamic -arch x86_64 -macosx_version_min 10.13.0 -o cmTC_e402e -L/Users/qiangwang/homebrew/opt/llvm/lib -search_paths_first -headerpad_max_install_names -v CMakeFiles/cmTC_e402e.dir/CMakeCCompilerABI.c.o -lSystem /Library/Developer/CommandLineTools/usr/lib/clang/10.0.0/lib/darwin/libclang_rt.osx.a]
    arg [/Library/Developer/CommandLineTools/usr/bin/ld] ==> ignore
    arg [-demangle] ==> ignore
    arg [-lto_library] ==> ignore, skip following value
    arg [/Library/Developer/CommandLineTools/usr/lib/libLTO.dylib] ==> skip value of -lto_library
    arg [-dynamic] ==> ignore
    arg [-arch] ==> ignore
    arg [x86_64] ==> ignore
    arg [-macosx_version_min] ==> ignore
    arg [10.13.0] ==> ignore
    arg [-o] ==> ignore
    arg [cmTC_e402e] ==> ignore
    arg [-L/Users/qiangwang/homebrew/opt/llvm/lib] ==> dir [/Users/qiangwang/homebrew/opt/llvm/lib]
    arg [-search_paths_first] ==> ignore
    arg [-headerpad_max_install_names] ==> ignore
    arg [-v] ==> ignore
    arg [CMakeFiles/cmTC_e402e.dir/CMakeCCompilerABI.c.o] ==> ignore
    arg [-lSystem] ==> lib [System]
    arg [/Library/Developer/CommandLineTools/usr/lib/clang/10.0.0/lib/darwin/libclang_rt.osx.a] ==> lib [/Library/Developer/CommandLineTools/usr/lib/clang/10.0.0/lib/darwin/libclang_rt.osx.a]
  Library search paths: [;/Users/qiangwang/homebrew/opt/llvm/lib;/usr/lib;/usr/local/lib]
  Framework search paths: [;/Library/Frameworks/;/System/Library/Frameworks/]
  remove lib [System]
  remove lib [/Library/Developer/CommandLineTools/usr/lib/clang/10.0.0/lib/darwin/libclang_rt.osx.a]
  collapse library dir [/Users/qiangwang/homebrew/opt/llvm/lib] ==> [/Users/qiangwang/homebrew/opt/llvm/lib]
  collapse library dir [/Users/qiangwang/homebrew/opt/llvm/lib] ==> [/Users/qiangwang/homebrew/opt/llvm/lib]
  collapse library dir [/usr/lib] ==> [/usr/lib]
  collapse library dir [/usr/local/lib] ==> [/usr/local/lib]
  collapse framework dir [/Library/Frameworks/] ==> [/Library/Frameworks]
  collapse framework dir [/System/Library/Frameworks/] ==> [/System/Library/Frameworks]
  implicit libs: []
  implicit dirs: [/Users/qiangwang/homebrew/opt/llvm/lib;/usr/lib;/usr/local/lib]
  implicit fwks: [/Library/Frameworks;/System/Library/Frameworks]




Detecting C [-std=c11] compiler features compiled with the following output:
Change Dir: /Users/qiangwang/workspace/grpc/examples/cpp/helloworld/cmake_externalproject/build/CMakeFiles/CMakeTmp

Run Build Command:"/usr/bin/make" "cmTC_502a8/fast"
/Library/Developer/CommandLineTools/usr/bin/make -f CMakeFiles/cmTC_502a8.dir/build.make CMakeFiles/cmTC_502a8.dir/build
Building C object CMakeFiles/cmTC_502a8.dir/feature_tests.c.o
/Library/Developer/CommandLineTools/usr/bin/cc   -std=c11 -o CMakeFiles/cmTC_502a8.dir/feature_tests.c.o   -c /Users/qiangwang/workspace/grpc/examples/cpp/helloworld/cmake_externalproject/build/CMakeFiles/feature_tests.c
Linking C executable cmTC_502a8
/Applications/CMake.app/Contents/bin/cmake -E cmake_link_script CMakeFiles/cmTC_502a8.dir/link.txt --verbose=1
/Library/Developer/CommandLineTools/usr/bin/cc   -Wl,-search_paths_first -Wl,-headerpad_max_install_names -L/Users/qiangwang/homebrew/opt/llvm/lib  CMakeFiles/cmTC_502a8.dir/feature_tests.c.o  -o cmTC_502a8 


    Feature record: C_FEATURE:1c_function_prototypes
    Feature record: C_FEATURE:1c_restrict
    Feature record: C_FEATURE:1c_static_assert
    Feature record: C_FEATURE:1c_variadic_macros


Detecting C [-std=c99] compiler features compiled with the following output:
Change Dir: /Users/qiangwang/workspace/grpc/examples/cpp/helloworld/cmake_externalproject/build/CMakeFiles/CMakeTmp

Run Build Command:"/usr/bin/make" "cmTC_bbf47/fast"
/Library/Developer/CommandLineTools/usr/bin/make -f CMakeFiles/cmTC_bbf47.dir/build.make CMakeFiles/cmTC_bbf47.dir/build
Building C object CMakeFiles/cmTC_bbf47.dir/feature_tests.c.o
/Library/Developer/CommandLineTools/usr/bin/cc   -std=c99 -o CMakeFiles/cmTC_bbf47.dir/feature_tests.c.o   -c /Users/qiangwang/workspace/grpc/examples/cpp/helloworld/cmake_externalproject/build/CMakeFiles/feature_tests.c
Linking C executable cmTC_bbf47
/Applications/CMake.app/Contents/bin/cmake -E cmake_link_script CMakeFiles/cmTC_bbf47.dir/link.txt --verbose=1
/Library/Developer/CommandLineTools/usr/bin/cc   -Wl,-search_paths_first -Wl,-headerpad_max_install_names -L/Users/qiangwang/homebrew/opt/llvm/lib  CMakeFiles/cmTC_bbf47.dir/feature_tests.c.o  -o cmTC_bbf47 


    Feature record: C_FEATURE:1c_function_prototypes
    Feature record: C_FEATURE:1c_restrict
    Feature record: C_FEATURE:0c_static_assert
    Feature record: C_FEATURE:1c_variadic_macros


Detecting C [-std=c90] compiler features compiled with the following output:
Change Dir: /Users/qiangwang/workspace/grpc/examples/cpp/helloworld/cmake_externalproject/build/CMakeFiles/CMakeTmp

Run Build Command:"/usr/bin/make" "cmTC_e8fba/fast"
/Library/Developer/CommandLineTools/usr/bin/make -f CMakeFiles/cmTC_e8fba.dir/build.make CMakeFiles/cmTC_e8fba.dir/build
Building C object CMakeFiles/cmTC_e8fba.dir/feature_tests.c.o
/Library/Developer/CommandLineTools/usr/bin/cc   -std=c90 -o CMakeFiles/cmTC_e8fba.dir/feature_tests.c.o   -c /Users/qiangwang/workspace/grpc/examples/cpp/helloworld/cmake_externalproject/build/CMakeFiles/feature_tests.c
Linking C executable cmTC_e8fba
/Applications/CMake.app/Contents/bin/cmake -E cmake_link_script CMakeFiles/cmTC_e8fba.dir/link.txt --verbose=1
/Library/Developer/CommandLineTools/usr/bin/cc   -Wl,-search_paths_first -Wl,-headerpad_max_install_names -L/Users/qiangwang/homebrew/opt/llvm/lib  CMakeFiles/cmTC_e8fba.dir/feature_tests.c.o  -o cmTC_e8fba 


    Feature record: C_FEATURE:1c_function_prototypes
    Feature record: C_FEATURE:0c_restrict
    Feature record: C_FEATURE:0c_static_assert
    Feature record: C_FEATURE:0c_variadic_macros
Determining if the CXX compiler works passed with the following output:
Change Dir: /Users/qiangwang/workspace/grpc/examples/cpp/helloworld/cmake_externalproject/build/CMakeFiles/CMakeTmp

Run Build Command:"/usr/bin/make" "cmTC_434e5/fast"
/Library/Developer/CommandLineTools/usr/bin/make -f CMakeFiles/cmTC_434e5.dir/build.make CMakeFiles/cmTC_434e5.dir/build
Building CXX object CMakeFiles/cmTC_434e5.dir/testCXXCompiler.cxx.o
/Users/qiangwang/homebrew/Cellar/gcc/8.2.0/bin/g++-8     -o CMakeFiles/cmTC_434e5.dir/testCXXCompiler.cxx.o -c /Users/qiangwang/workspace/grpc/examples/cpp/helloworld/cmake_externalproject/build/CMakeFiles/CMakeTmp/testCXXCompiler.cxx
Linking CXX executable cmTC_434e5
/Applications/CMake.app/Contents/bin/cmake -E cmake_link_script CMakeFiles/cmTC_434e5.dir/link.txt --verbose=1
/Users/qiangwang/homebrew/Cellar/gcc/8.2.0/bin/g++-8    -Wl,-search_paths_first -Wl,-headerpad_max_install_names -L/Users/qiangwang/homebrew/opt/llvm/lib  CMakeFiles/cmTC_434e5.dir/testCXXCompiler.cxx.o  -o cmTC_434e5 


Detecting CXX compiler ABI info compiled with the following output:
Change Dir: /Users/qiangwang/workspace/grpc/examples/cpp/helloworld/cmake_externalproject/build/CMakeFiles/CMakeTmp

Run Build Command:"/usr/bin/make" "cmTC_a2ef4/fast"
/Library/Developer/CommandLineTools/usr/bin/make -f CMakeFiles/cmTC_a2ef4.dir/build.make CMakeFiles/cmTC_a2ef4.dir/build
Building CXX object CMakeFiles/cmTC_a2ef4.dir/CMakeCXXCompilerABI.cpp.o
/Users/qiangwang/homebrew/Cellar/gcc/8.2.0/bin/g++-8     -o CMakeFiles/cmTC_a2ef4.dir/CMakeCXXCompilerABI.cpp.o -c /Applications/CMake.app/Contents/share/cmake-3.12/Modules/CMakeCXXCompilerABI.cpp
Linking CXX executable cmTC_a2ef4
/Applications/CMake.app/Contents/bin/cmake -E cmake_link_script CMakeFiles/cmTC_a2ef4.dir/link.txt --verbose=1
/Users/qiangwang/homebrew/Cellar/gcc/8.2.0/bin/g++-8    -Wl,-search_paths_first -Wl,-headerpad_max_install_names -L/Users/qiangwang/homebrew/opt/llvm/lib -v -Wl,-v CMakeFiles/cmTC_a2ef4.dir/CMakeCXXCompilerABI.cpp.o  -o cmTC_a2ef4 
Using built-in specs.
COLLECT_GCC=/Users/qiangwang/homebrew/Cellar/gcc/8.2.0/bin/g++-8
COLLECT_LTO_WRAPPER=/Users/qiangwang/homebrew/Cellar/gcc/8.2.0/libexec/gcc/x86_64-apple-darwin17.7.0/8.2.0/lto-wrapper
Target: x86_64-apple-darwin17.7.0
Configured with: ../configure --build=x86_64-apple-darwin17.7.0 --prefix=/Users/qiangwang/homebrew/Cellar/gcc/8.2.0 --libdir=/Users/qiangwang/homebrew/Cellar/gcc/8.2.0/lib/gcc/8 --enable-languages=c,c++,objc,obj-c++,fortran --program-suffix=-8 --with-gmp=/Users/qiangwang/homebrew/opt/gmp --with-mpfr=/Users/qiangwang/homebrew/opt/mpfr --with-mpc=/Users/qiangwang/homebrew/opt/libmpc --with-isl=/Users/qiangwang/homebrew/opt/isl --with-system-zlib --enable-checking=release --with-pkgversion='Homebrew GCC 8.2.0' --with-bugurl=https://github.com/Homebrew/homebrew-core/issues --disable-nls --disable-multilib
Thread model: posix
gcc version 8.2.0 (Homebrew GCC 8.2.0) 
COMPILER_PATH=/Users/qiangwang/homebrew/Cellar/gcc/8.2.0/libexec/gcc/x86_64-apple-darwin17.7.0/8.2.0/:/Users/qiangwang/homebrew/Cellar/gcc/8.2.0/libexec/gcc/x86_64-apple-darwin17.7.0/8.2.0/:/Users/qiangwang/homebrew/Cellar/gcc/8.2.0/libexec/gcc/x86_64-apple-darwin17.7.0/:/Users/qiangwang/homebrew/Cellar/gcc/8.2.0/lib/gcc/8/gcc/x86_64-apple-darwin17.7.0/8.2.0/:/Users/qiangwang/homebrew/Cellar/gcc/8.2.0/lib/gcc/8/gcc/x86_64-apple-darwin17.7.0/
LIBRARY_PATH=/Users/qiangwang/homebrew/Cellar/gcc/8.2.0/lib/gcc/8/gcc/x86_64-apple-darwin17.7.0/8.2.0/:/Users/qiangwang/homebrew/Cellar/gcc/8.2.0/lib/gcc/8/gcc/x86_64-apple-darwin17.7.0/8.2.0/../../../
COLLECT_GCC_OPTIONS='-L/Users/qiangwang/homebrew/opt/llvm/lib' '-v' '-o' 'cmTC_a2ef4' '-mmacosx-version-min=10.13.0' '-asm_macosx_version_min=10.13' '-shared-libgcc' '-mtune=core2'
 /Users/qiangwang/homebrew/Cellar/gcc/8.2.0/libexec/gcc/x86_64-apple-darwin17.7.0/8.2.0/collect2 -dynamic -arch x86_64 -macosx_version_min 10.13.0 -weak_reference_mismatches non-weak -o cmTC_a2ef4 -L/Users/qiangwang/homebrew/opt/llvm/lib -L/Users/qiangwang/homebrew/Cellar/gcc/8.2.0/lib/gcc/8/gcc/x86_64-apple-darwin17.7.0/8.2.0 -L/Users/qiangwang/homebrew/Cellar/gcc/8.2.0/lib/gcc/8/gcc/x86_64-apple-darwin17.7.0/8.2.0/../../.. -search_paths_first -headerpad_max_install_names -v CMakeFiles/cmTC_a2ef4.dir/CMakeCXXCompilerABI.cpp.o -lstdc++ -no_compact_unwind -lSystem -lgcc_ext.10.5 -lgcc -lSystem -v
collect2 version 8.2.0
/usr/bin/ld -dynamic -arch x86_64 -macosx_version_min 10.13.0 -weak_reference_mismatches non-weak -o cmTC_a2ef4 -L/Users/qiangwang/homebrew/opt/llvm/lib -L/Users/qiangwang/homebrew/Cellar/gcc/8.2.0/lib/gcc/8/gcc/x86_64-apple-darwin17.7.0/8.2.0 -L/Users/qiangwang/homebrew/Cellar/gcc/8.2.0/lib/gcc/8/gcc/x86_64-apple-darwin17.7.0/8.2.0/../../.. -search_paths_first -headerpad_max_install_names -v CMakeFiles/cmTC_a2ef4.dir/CMakeCXXCompilerABI.cpp.o -lstdc++ -no_compact_unwind -lSystem -lgcc_ext.10.5 -lgcc -lSystem -v
@(#)PROGRAM:ld  PROJECT:ld64-409.12
BUILD 15:39:49 Aug  8 2018
configured to support archs: armv6 armv7 armv7s arm64 i386 x86_64 x86_64h armv6m armv7k armv7m armv7em
@(#)PROGRAM:ld  PROJECT:ld64-409.12
BUILD 15:39:49 Aug  8 2018
configured to support archs: armv6 armv7 armv7s arm64 i386 x86_64 x86_64h armv6m armv7k armv7m armv7em
Library search paths:
	/Users/qiangwang/homebrew/opt/llvm/lib
	/Users/qiangwang/homebrew/Cellar/gcc/8.2.0/lib/gcc/8/gcc/x86_64-apple-darwin17.7.0/8.2.0
	/Users/qiangwang/homebrew/Cellar/gcc/8.2.0/lib/gcc/8
	/usr/lib
	/usr/local/lib
Framework search paths:
	/Library/Frameworks/
	/System/Library/Frameworks/
 /usr/bin/nm -n CMakeFiles/cmTC_a2ef4.dir/CMakeCXXCompilerABI.cpp.o


Parsed CXX implicit link information from above output:
  link line regex: [^( *|.*[/\])(ld|CMAKE_LINK_STARTFILE-NOTFOUND|([^/\]+-)?ld|collect2)[^/\]*( |$)]
  ignore line: [Change Dir: /Users/qiangwang/workspace/grpc/examples/cpp/helloworld/cmake_externalproject/build/CMakeFiles/CMakeTmp]
  ignore line: []
  ignore line: [Run Build Command:"/usr/bin/make" "cmTC_a2ef4/fast"]
  ignore line: [/Library/Developer/CommandLineTools/usr/bin/make -f CMakeFiles/cmTC_a2ef4.dir/build.make CMakeFiles/cmTC_a2ef4.dir/build]
  ignore line: [Building CXX object CMakeFiles/cmTC_a2ef4.dir/CMakeCXXCompilerABI.cpp.o]
  ignore line: [/Users/qiangwang/homebrew/Cellar/gcc/8.2.0/bin/g++-8     -o CMakeFiles/cmTC_a2ef4.dir/CMakeCXXCompilerABI.cpp.o -c /Applications/CMake.app/Contents/share/cmake-3.12/Modules/CMakeCXXCompilerABI.cpp]
  ignore line: [Linking CXX executable cmTC_a2ef4]
  ignore line: [/Applications/CMake.app/Contents/bin/cmake -E cmake_link_script CMakeFiles/cmTC_a2ef4.dir/link.txt --verbose=1]
  ignore line: [/Users/qiangwang/homebrew/Cellar/gcc/8.2.0/bin/g++-8    -Wl,-search_paths_first -Wl,-headerpad_max_install_names -L/Users/qiangwang/homebrew/opt/llvm/lib -v -Wl,-v CMakeFiles/cmTC_a2ef4.dir/CMakeCXXCompilerABI.cpp.o  -o cmTC_a2ef4 ]
  ignore line: [Using built-in specs.]
  ignore line: [COLLECT_GCC=/Users/qiangwang/homebrew/Cellar/gcc/8.2.0/bin/g++-8]
  ignore line: [COLLECT_LTO_WRAPPER=/Users/qiangwang/homebrew/Cellar/gcc/8.2.0/libexec/gcc/x86_64-apple-darwin17.7.0/8.2.0/lto-wrapper]
  ignore line: [Target: x86_64-apple-darwin17.7.0]
  ignore line: [Configured with: ../configure --build=x86_64-apple-darwin17.7.0 --prefix=/Users/qiangwang/homebrew/Cellar/gcc/8.2.0 --libdir=/Users/qiangwang/homebrew/Cellar/gcc/8.2.0/lib/gcc/8 --enable-languages=c,c++,objc,obj-c++,fortran --program-suffix=-8 --with-gmp=/Users/qiangwang/homebrew/opt/gmp --with-mpfr=/Users/qiangwang/homebrew/opt/mpfr --with-mpc=/Users/qiangwang/homebrew/opt/libmpc --with-isl=/Users/qiangwang/homebrew/opt/isl --with-system-zlib --enable-checking=release --with-pkgversion='Homebrew GCC 8.2.0' --with-bugurl=https://github.com/Homebrew/homebrew-core/issues --disable-nls --disable-multilib]
  ignore line: [Thread model: posix]
  ignore line: [gcc version 8.2.0 (Homebrew GCC 8.2.0) ]
  ignore line: [COMPILER_PATH=/Users/qiangwang/homebrew/Cellar/gcc/8.2.0/libexec/gcc/x86_64-apple-darwin17.7.0/8.2.0/:/Users/qiangwang/homebrew/Cellar/gcc/8.2.0/libexec/gcc/x86_64-apple-darwin17.7.0/8.2.0/:/Users/qiangwang/homebrew/Cellar/gcc/8.2.0/libexec/gcc/x86_64-apple-darwin17.7.0/:/Users/qiangwang/homebrew/Cellar/gcc/8.2.0/lib/gcc/8/gcc/x86_64-apple-darwin17.7.0/8.2.0/:/Users/qiangwang/homebrew/Cellar/gcc/8.2.0/lib/gcc/8/gcc/x86_64-apple-darwin17.7.0/]
  ignore line: [LIBRARY_PATH=/Users/qiangwang/homebrew/Cellar/gcc/8.2.0/lib/gcc/8/gcc/x86_64-apple-darwin17.7.0/8.2.0/:/Users/qiangwang/homebrew/Cellar/gcc/8.2.0/lib/gcc/8/gcc/x86_64-apple-darwin17.7.0/8.2.0/../../../]
  ignore line: [COLLECT_GCC_OPTIONS='-L/Users/qiangwang/homebrew/opt/llvm/lib' '-v' '-o' 'cmTC_a2ef4' '-mmacosx-version-min=10.13.0' '-asm_macosx_version_min=10.13' '-shared-libgcc' '-mtune=core2']
  link line: [ /Users/qiangwang/homebrew/Cellar/gcc/8.2.0/libexec/gcc/x86_64-apple-darwin17.7.0/8.2.0/collect2 -dynamic -arch x86_64 -macosx_version_min 10.13.0 -weak_reference_mismatches non-weak -o cmTC_a2ef4 -L/Users/qiangwang/homebrew/opt/llvm/lib -L/Users/qiangwang/homebrew/Cellar/gcc/8.2.0/lib/gcc/8/gcc/x86_64-apple-darwin17.7.0/8.2.0 -L/Users/qiangwang/homebrew/Cellar/gcc/8.2.0/lib/gcc/8/gcc/x86_64-apple-darwin17.7.0/8.2.0/../../.. -search_paths_first -headerpad_max_install_names -v CMakeFiles/cmTC_a2ef4.dir/CMakeCXXCompilerABI.cpp.o -lstdc++ -no_compact_unwind -lSystem -lgcc_ext.10.5 -lgcc -lSystem -v]
    arg [/Users/qiangwang/homebrew/Cellar/gcc/8.2.0/libexec/gcc/x86_64-apple-darwin17.7.0/8.2.0/collect2] ==> ignore
    arg [-dynamic] ==> ignore
    arg [-arch] ==> ignore
    arg [x86_64] ==> ignore
    arg [-macosx_version_min] ==> ignore
    arg [10.13.0] ==> ignore
    arg [-weak_reference_mismatches] ==> ignore
    arg [non-weak] ==> ignore
    arg [-o] ==> ignore
    arg [cmTC_a2ef4] ==> ignore
    arg [-L/Users/qiangwang/homebrew/opt/llvm/lib] ==> dir [/Users/qiangwang/homebrew/opt/llvm/lib]
    arg [-L/Users/qiangwang/homebrew/Cellar/gcc/8.2.0/lib/gcc/8/gcc/x86_64-apple-darwin17.7.0/8.2.0] ==> dir [/Users/qiangwang/homebrew/Cellar/gcc/8.2.0/lib/gcc/8/gcc/x86_64-apple-darwin17.7.0/8.2.0]
    arg [-L/Users/qiangwang/homebrew/Cellar/gcc/8.2.0/lib/gcc/8/gcc/x86_64-apple-darwin17.7.0/8.2.0/../../..] ==> dir [/Users/qiangwang/homebrew/Cellar/gcc/8.2.0/lib/gcc/8/gcc/x86_64-apple-darwin17.7.0/8.2.0/../../..]
    arg [-search_paths_first] ==> ignore
    arg [-headerpad_max_install_names] ==> ignore
    arg [-v] ==> ignore
    arg [CMakeFiles/cmTC_a2ef4.dir/CMakeCXXCompilerABI.cpp.o] ==> ignore
    arg [-lstdc++] ==> lib [stdc++]
    arg [-no_compact_unwind] ==> ignore
    arg [-lSystem] ==> lib [System]
    arg [-lgcc_ext.10.5] ==> lib [gcc_ext.10.5]
    arg [-lgcc] ==> lib [gcc]
    arg [-lSystem] ==> lib [System]
    arg [-v] ==> ignore
  Library search paths: [;/Users/qiangwang/homebrew/opt/llvm/lib;/Users/qiangwang/homebrew/Cellar/gcc/8.2.0/lib/gcc/8/gcc/x86_64-apple-darwin17.7.0/8.2.0;/Users/qiangwang/homebrew/Cellar/gcc/8.2.0/lib/gcc/8;/usr/lib;/usr/local/lib]
  Framework search paths: [;/Library/Frameworks/;/System/Library/Frameworks/]
  remove lib [System]
  remove lib [System]
  collapse library dir [/Users/qiangwang/homebrew/opt/llvm/lib] ==> [/Users/qiangwang/homebrew/opt/llvm/lib]
  collapse library dir [/Users/qiangwang/homebrew/Cellar/gcc/8.2.0/lib/gcc/8/gcc/x86_64-apple-darwin17.7.0/8.2.0] ==> [/Users/qiangwang/homebrew/Cellar/gcc/8.2.0/lib/gcc/8/gcc/x86_64-apple-darwin17.7.0/8.2.0]
  collapse library dir [/Users/qiangwang/homebrew/Cellar/gcc/8.2.0/lib/gcc/8/gcc/x86_64-apple-darwin17.7.0/8.2.0/../../..] ==> [/Users/qiangwang/homebrew/Cellar/gcc/8.2.0/lib/gcc/8]
  collapse library dir [/Users/qiangwang/homebrew/opt/llvm/lib] ==> [/Users/qiangwang/homebrew/opt/llvm/lib]
  collapse library dir [/Users/qiangwang/homebrew/Cellar/gcc/8.2.0/lib/gcc/8/gcc/x86_64-apple-darwin17.7.0/8.2.0] ==> [/Users/qiangwang/homebrew/Cellar/gcc/8.2.0/lib/gcc/8/gcc/x86_64-apple-darwin17.7.0/8.2.0]
  collapse library dir [/Users/qiangwang/homebrew/Cellar/gcc/8.2.0/lib/gcc/8] ==> [/Users/qiangwang/homebrew/Cellar/gcc/8.2.0/lib/gcc/8]
  collapse library dir [/usr/lib] ==> [/usr/lib]
  collapse library dir [/usr/local/lib] ==> [/usr/local/lib]
  collapse framework dir [/Library/Frameworks/] ==> [/Library/Frameworks]
  collapse framework dir [/System/Library/Frameworks/] ==> [/System/Library/Frameworks]
  implicit libs: [stdc++;gcc_ext.10.5;gcc]
  implicit dirs: [/Users/qiangwang/homebrew/opt/llvm/lib;/Users/qiangwang/homebrew/Cellar/gcc/8.2.0/lib/gcc/8/gcc/x86_64-apple-darwin17.7.0/8.2.0;/Users/qiangwang/homebrew/Cellar/gcc/8.2.0/lib/gcc/8;/usr/lib;/usr/local/lib]
  implicit fwks: [/Library/Frameworks;/System/Library/Frameworks]




Detecting CXX [-std=c++2a] compiler features compiled with the following output:
Change Dir: /Users/qiangwang/workspace/grpc/examples/cpp/helloworld/cmake_externalproject/build/CMakeFiles/CMakeTmp

Run Build Command:"/usr/bin/make" "cmTC_3cba1/fast"
/Library/Developer/CommandLineTools/usr/bin/make -f CMakeFiles/cmTC_3cba1.dir/build.make CMakeFiles/cmTC_3cba1.dir/build
Building CXX object CMakeFiles/cmTC_3cba1.dir/feature_tests.cxx.o
/Users/qiangwang/homebrew/Cellar/gcc/8.2.0/bin/g++-8    -std=c++2a -o CMakeFiles/cmTC_3cba1.dir/feature_tests.cxx.o -c /Users/qiangwang/workspace/grpc/examples/cpp/helloworld/cmake_externalproject/build/CMakeFiles/feature_tests.cxx
Linking CXX executable cmTC_3cba1
/Applications/CMake.app/Contents/bin/cmake -E cmake_link_script CMakeFiles/cmTC_3cba1.dir/link.txt --verbose=1
/Users/qiangwang/homebrew/Cellar/gcc/8.2.0/bin/g++-8    -Wl,-search_paths_first -Wl,-headerpad_max_install_names -L/Users/qiangwang/homebrew/opt/llvm/lib  CMakeFiles/cmTC_3cba1.dir/feature_tests.cxx.o  -o cmTC_3cba1 


    Feature record: CXX_FEATURE:1cxx_aggregate_default_initializers
    Feature record: CXX_FEATURE:1cxx_alias_templates
    Feature record: CXX_FEATURE:1cxx_alignas
    Feature record: CXX_FEATURE:1cxx_alignof
    Feature record: CXX_FEATURE:1cxx_attributes
    Feature record: CXX_FEATURE:1cxx_attribute_deprecated
    Feature record: CXX_FEATURE:1cxx_auto_type
    Feature record: CXX_FEATURE:1cxx_binary_literals
    Feature record: CXX_FEATURE:1cxx_constexpr
    Feature record: CXX_FEATURE:1cxx_contextual_conversions
    Feature record: CXX_FEATURE:1cxx_decltype
    Feature record: CXX_FEATURE:1cxx_decltype_auto
    Feature record: CXX_FEATURE:1cxx_decltype_incomplete_return_types
    Feature record: CXX_FEATURE:1cxx_default_function_template_args
    Feature record: CXX_FEATURE:1cxx_defaulted_functions
    Feature record: CXX_FEATURE:1cxx_defaulted_move_initializers
    Feature record: CXX_FEATURE:1cxx_delegating_constructors
    Feature record: CXX_FEATURE:1cxx_deleted_functions
    Feature record: CXX_FEATURE:1cxx_digit_separators
    Feature record: CXX_FEATURE:1cxx_enum_forward_declarations
    Feature record: CXX_FEATURE:1cxx_explicit_conversions
    Feature record: CXX_FEATURE:1cxx_extended_friend_declarations
    Feature record: CXX_FEATURE:1cxx_extern_templates
    Feature record: CXX_FEATURE:1cxx_final
    Feature record: CXX_FEATURE:1cxx_func_identifier
    Feature record: CXX_FEATURE:1cxx_generalized_initializers
    Feature record: CXX_FEATURE:1cxx_generic_lambdas
    Feature record: CXX_FEATURE:1cxx_inheriting_constructors
    Feature record: CXX_FEATURE:1cxx_inline_namespaces
    Feature record: CXX_FEATURE:1cxx_lambdas
    Feature record: CXX_FEATURE:1cxx_lambda_init_captures
    Feature record: CXX_FEATURE:1cxx_local_type_template_args
    Feature record: CXX_FEATURE:1cxx_long_long_type
    Feature record: CXX_FEATURE:1cxx_noexcept
    Feature record: CXX_FEATURE:1cxx_nonstatic_member_init
    Feature record: CXX_FEATURE:1cxx_nullptr
    Feature record: CXX_FEATURE:1cxx_override
    Feature record: CXX_FEATURE:1cxx_range_for
    Feature record: CXX_FEATURE:1cxx_raw_string_literals
    Feature record: CXX_FEATURE:1cxx_reference_qualified_functions
    Feature record: CXX_FEATURE:1cxx_relaxed_constexpr
    Feature record: CXX_FEATURE:1cxx_return_type_deduction
    Feature record: CXX_FEATURE:1cxx_right_angle_brackets
    Feature record: CXX_FEATURE:1cxx_rvalue_references
    Feature record: CXX_FEATURE:1cxx_sizeof_member
    Feature record: CXX_FEATURE:1cxx_static_assert
    Feature record: CXX_FEATURE:1cxx_strong_enums
    Feature record: CXX_FEATURE:1cxx_template_template_parameters
    Feature record: CXX_FEATURE:1cxx_thread_local
    Feature record: CXX_FEATURE:1cxx_trailing_return_types
    Feature record: CXX_FEATURE:1cxx_unicode_literals
    Feature record: CXX_FEATURE:1cxx_uniform_initialization
    Feature record: CXX_FEATURE:1cxx_unrestricted_unions
    Feature record: CXX_FEATURE:1cxx_user_literals
    Feature record: CXX_FEATURE:1cxx_variable_templates
    Feature record: CXX_FEATURE:1cxx_variadic_macros
    Feature record: CXX_FEATURE:1cxx_variadic_templates


Detecting CXX [-std=c++17] compiler features compiled with the following output:
Change Dir: /Users/qiangwang/workspace/grpc/examples/cpp/helloworld/cmake_externalproject/build/CMakeFiles/CMakeTmp

Run Build Command:"/usr/bin/make" "cmTC_0a5b0/fast"
/Library/Developer/CommandLineTools/usr/bin/make -f CMakeFiles/cmTC_0a5b0.dir/build.make CMakeFiles/cmTC_0a5b0.dir/build
Building CXX object CMakeFiles/cmTC_0a5b0.dir/feature_tests.cxx.o
/Users/qiangwang/homebrew/Cellar/gcc/8.2.0/bin/g++-8    -std=c++17 -o CMakeFiles/cmTC_0a5b0.dir/feature_tests.cxx.o -c /Users/qiangwang/workspace/grpc/examples/cpp/helloworld/cmake_externalproject/build/CMakeFiles/feature_tests.cxx
Linking CXX executable cmTC_0a5b0
/Applications/CMake.app/Contents/bin/cmake -E cmake_link_script CMakeFiles/cmTC_0a5b0.dir/link.txt --verbose=1
/Users/qiangwang/homebrew/Cellar/gcc/8.2.0/bin/g++-8    -Wl,-search_paths_first -Wl,-headerpad_max_install_names -L/Users/qiangwang/homebrew/opt/llvm/lib  CMakeFiles/cmTC_0a5b0.dir/feature_tests.cxx.o  -o cmTC_0a5b0 


    Feature record: CXX_FEATURE:1cxx_aggregate_default_initializers
    Feature record: CXX_FEATURE:1cxx_alias_templates
    Feature record: CXX_FEATURE:1cxx_alignas
    Feature record: CXX_FEATURE:1cxx_alignof
    Feature record: CXX_FEATURE:1cxx_attributes
    Feature record: CXX_FEATURE:1cxx_attribute_deprecated
    Feature record: CXX_FEATURE:1cxx_auto_type
    Feature record: CXX_FEATURE:1cxx_binary_literals
    Feature record: CXX_FEATURE:1cxx_constexpr
    Feature record: CXX_FEATURE:1cxx_contextual_conversions
    Feature record: CXX_FEATURE:1cxx_decltype
    Feature record: CXX_FEATURE:1cxx_decltype_auto
    Feature record: CXX_FEATURE:1cxx_decltype_incomplete_return_types
    Feature record: CXX_FEATURE:1cxx_default_function_template_args
    Feature record: CXX_FEATURE:1cxx_defaulted_functions
    Feature record: CXX_FEATURE:1cxx_defaulted_move_initializers
    Feature record: CXX_FEATURE:1cxx_delegating_constructors
    Feature record: CXX_FEATURE:1cxx_deleted_functions
    Feature record: CXX_FEATURE:1cxx_digit_separators
    Feature record: CXX_FEATURE:1cxx_enum_forward_declarations
    Feature record: CXX_FEATURE:1cxx_explicit_conversions
    Feature record: CXX_FEATURE:1cxx_extended_friend_declarations
    Feature record: CXX_FEATURE:1cxx_extern_templates
    Feature record: CXX_FEATURE:1cxx_final
    Feature record: CXX_FEATURE:1cxx_func_identifier
    Feature record: CXX_FEATURE:1cxx_generalized_initializers
    Feature record: CXX_FEATURE:1cxx_generic_lambdas
    Feature record: CXX_FEATURE:1cxx_inheriting_constructors
    Feature record: CXX_FEATURE:1cxx_inline_namespaces
    Feature record: CXX_FEATURE:1cxx_lambdas
    Feature record: CXX_FEATURE:1cxx_lambda_init_captures
    Feature record: CXX_FEATURE:1cxx_local_type_template_args
    Feature record: CXX_FEATURE:1cxx_long_long_type
    Feature record: CXX_FEATURE:1cxx_noexcept
    Feature record: CXX_FEATURE:1cxx_nonstatic_member_init
    Feature record: CXX_FEATURE:1cxx_nullptr
    Feature record: CXX_FEATURE:1cxx_override
    Feature record: CXX_FEATURE:1cxx_range_for
    Feature record: CXX_FEATURE:1cxx_raw_string_literals
    Feature record: CXX_FEATURE:1cxx_reference_qualified_functions
    Feature record: CXX_FEATURE:1cxx_relaxed_constexpr
    Feature record: CXX_FEATURE:1cxx_return_type_deduction
    Feature record: CXX_FEATURE:1cxx_right_angle_brackets
    Feature record: CXX_FEATURE:1cxx_rvalue_references
    Feature record: CXX_FEATURE:1cxx_sizeof_member
    Feature record: CXX_FEATURE:1cxx_static_assert
    Feature record: CXX_FEATURE:1cxx_strong_enums
    Feature record: CXX_FEATURE:1cxx_template_template_parameters
    Feature record: CXX_FEATURE:1cxx_thread_local
    Feature record: CXX_FEATURE:1cxx_trailing_return_types
    Feature record: CXX_FEATURE:1cxx_unicode_literals
    Feature record: CXX_FEATURE:1cxx_uniform_initialization
    Feature record: CXX_FEATURE:1cxx_unrestricted_unions
    Feature record: CXX_FEATURE:1cxx_user_literals
    Feature record: CXX_FEATURE:1cxx_variable_templates
    Feature record: CXX_FEATURE:1cxx_variadic_macros
    Feature record: CXX_FEATURE:1cxx_variadic_templates


Detecting CXX [-std=c++14] compiler features compiled with the following output:
Change Dir: /Users/qiangwang/workspace/grpc/examples/cpp/helloworld/cmake_externalproject/build/CMakeFiles/CMakeTmp

Run Build Command:"/usr/bin/make" "cmTC_8e13f/fast"
/Library/Developer/CommandLineTools/usr/bin/make -f CMakeFiles/cmTC_8e13f.dir/build.make CMakeFiles/cmTC_8e13f.dir/build
Building CXX object CMakeFiles/cmTC_8e13f.dir/feature_tests.cxx.o
/Users/qiangwang/homebrew/Cellar/gcc/8.2.0/bin/g++-8    -std=c++14 -o CMakeFiles/cmTC_8e13f.dir/feature_tests.cxx.o -c /Users/qiangwang/workspace/grpc/examples/cpp/helloworld/cmake_externalproject/build/CMakeFiles/feature_tests.cxx
Linking CXX executable cmTC_8e13f
/Applications/CMake.app/Contents/bin/cmake -E cmake_link_script CMakeFiles/cmTC_8e13f.dir/link.txt --verbose=1
/Users/qiangwang/homebrew/Cellar/gcc/8.2.0/bin/g++-8    -Wl,-search_paths_first -Wl,-headerpad_max_install_names -L/Users/qiangwang/homebrew/opt/llvm/lib  CMakeFiles/cmTC_8e13f.dir/feature_tests.cxx.o  -o cmTC_8e13f 


    Feature record: CXX_FEATURE:1cxx_aggregate_default_initializers
    Feature record: CXX_FEATURE:1cxx_alias_templates
    Feature record: CXX_FEATURE:1cxx_alignas
    Feature record: CXX_FEATURE:1cxx_alignof
    Feature record: CXX_FEATURE:1cxx_attributes
    Feature record: CXX_FEATURE:1cxx_attribute_deprecated
    Feature record: CXX_FEATURE:1cxx_auto_type
    Feature record: CXX_FEATURE:1cxx_binary_literals
    Feature record: CXX_FEATURE:1cxx_constexpr
    Feature record: CXX_FEATURE:1cxx_contextual_conversions
    Feature record: CXX_FEATURE:1cxx_decltype
    Feature record: CXX_FEATURE:1cxx_decltype_auto
    Feature record: CXX_FEATURE:1cxx_decltype_incomplete_return_types
    Feature record: CXX_FEATURE:1cxx_default_function_template_args
    Feature record: CXX_FEATURE:1cxx_defaulted_functions
    Feature record: CXX_FEATURE:1cxx_defaulted_move_initializers
    Feature record: CXX_FEATURE:1cxx_delegating_constructors
    Feature record: CXX_FEATURE:1cxx_deleted_functions
    Feature record: CXX_FEATURE:1cxx_digit_separators
    Feature record: CXX_FEATURE:1cxx_enum_forward_declarations
    Feature record: CXX_FEATURE:1cxx_explicit_conversions
    Feature record: CXX_FEATURE:1cxx_extended_friend_declarations
    Feature record: CXX_FEATURE:1cxx_extern_templates
    Feature record: CXX_FEATURE:1cxx_final
    Feature record: CXX_FEATURE:1cxx_func_identifier
    Feature record: CXX_FEATURE:1cxx_generalized_initializers
    Feature record: CXX_FEATURE:1cxx_generic_lambdas
    Feature record: CXX_FEATURE:1cxx_inheriting_constructors
    Feature record: CXX_FEATURE:1cxx_inline_namespaces
    Feature record: CXX_FEATURE:1cxx_lambdas
    Feature record: CXX_FEATURE:1cxx_lambda_init_captures
    Feature record: CXX_FEATURE:1cxx_local_type_template_args
    Feature record: CXX_FEATURE:1cxx_long_long_type
    Feature record: CXX_FEATURE:1cxx_noexcept
    Feature record: CXX_FEATURE:1cxx_nonstatic_member_init
    Feature record: CXX_FEATURE:1cxx_nullptr
    Feature record: CXX_FEATURE:1cxx_override
    Feature record: CXX_FEATURE:1cxx_range_for
    Feature record: CXX_FEATURE:1cxx_raw_string_literals
    Feature record: CXX_FEATURE:1cxx_reference_qualified_functions
    Feature record: CXX_FEATURE:1cxx_relaxed_constexpr
    Feature record: CXX_FEATURE:1cxx_return_type_deduction
    Feature record: CXX_FEATURE:1cxx_right_angle_brackets
    Feature record: CXX_FEATURE:1cxx_rvalue_references
    Feature record: CXX_FEATURE:1cxx_sizeof_member
    Feature record: CXX_FEATURE:1cxx_static_assert
    Feature record: CXX_FEATURE:1cxx_strong_enums
    Feature record: CXX_FEATURE:1cxx_template_template_parameters
    Feature record: CXX_FEATURE:1cxx_thread_local
    Feature record: CXX_FEATURE:1cxx_trailing_return_types
    Feature record: CXX_FEATURE:1cxx_unicode_literals
    Feature record: CXX_FEATURE:1cxx_uniform_initialization
    Feature record: CXX_FEATURE:1cxx_unrestricted_unions
    Feature record: CXX_FEATURE:1cxx_user_literals
    Feature record: CXX_FEATURE:1cxx_variable_templates
    Feature record: CXX_FEATURE:1cxx_variadic_macros
    Feature record: CXX_FEATURE:1cxx_variadic_templates


Detecting CXX [-std=c++11] compiler features compiled with the following output:
Change Dir: /Users/qiangwang/workspace/grpc/examples/cpp/helloworld/cmake_externalproject/build/CMakeFiles/CMakeTmp

Run Build Command:"/usr/bin/make" "cmTC_606cb/fast"
/Library/Developer/CommandLineTools/usr/bin/make -f CMakeFiles/cmTC_606cb.dir/build.make CMakeFiles/cmTC_606cb.dir/build
Building CXX object CMakeFiles/cmTC_606cb.dir/feature_tests.cxx.o
/Users/qiangwang/homebrew/Cellar/gcc/8.2.0/bin/g++-8    -std=c++11 -o CMakeFiles/cmTC_606cb.dir/feature_tests.cxx.o -c /Users/qiangwang/workspace/grpc/examples/cpp/helloworld/cmake_externalproject/build/CMakeFiles/feature_tests.cxx
Linking CXX executable cmTC_606cb
/Applications/CMake.app/Contents/bin/cmake -E cmake_link_script CMakeFiles/cmTC_606cb.dir/link.txt --verbose=1
/Users/qiangwang/homebrew/Cellar/gcc/8.2.0/bin/g++-8    -Wl,-search_paths_first -Wl,-headerpad_max_install_names -L/Users/qiangwang/homebrew/opt/llvm/lib  CMakeFiles/cmTC_606cb.dir/feature_tests.cxx.o  -o cmTC_606cb 


    Feature record: CXX_FEATURE:0cxx_aggregate_default_initializers
    Feature record: CXX_FEATURE:1cxx_alias_templates
    Feature record: CXX_FEATURE:1cxx_alignas
    Feature record: CXX_FEATURE:1cxx_alignof
    Feature record: CXX_FEATURE:1cxx_attributes
    Feature record: CXX_FEATURE:0cxx_attribute_deprecated
    Feature record: CXX_FEATURE:1cxx_auto_type
    Feature record: CXX_FEATURE:0cxx_binary_literals
    Feature record: CXX_FEATURE:1cxx_constexpr
    Feature record: CXX_FEATURE:0cxx_contextual_conversions
    Feature record: CXX_FEATURE:1cxx_decltype
    Feature record: CXX_FEATURE:0cxx_decltype_auto
    Feature record: CXX_FEATURE:1cxx_decltype_incomplete_return_types
    Feature record: CXX_FEATURE:1cxx_default_function_template_args
    Feature record: CXX_FEATURE:1cxx_defaulted_functions
    Feature record: CXX_FEATURE:1cxx_defaulted_move_initializers
    Feature record: CXX_FEATURE:1cxx_delegating_constructors
    Feature record: CXX_FEATURE:1cxx_deleted_functions
    Feature record: CXX_FEATURE:0cxx_digit_separators
    Feature record: CXX_FEATURE:1cxx_enum_forward_declarations
    Feature record: CXX_FEATURE:1cxx_explicit_conversions
    Feature record: CXX_FEATURE:1cxx_extended_friend_declarations
    Feature record: CXX_FEATURE:1cxx_extern_templates
    Feature record: CXX_FEATURE:1cxx_final
    Feature record: CXX_FEATURE:1cxx_func_identifier
    Feature record: CXX_FEATURE:1cxx_generalized_initializers
    Feature record: CXX_FEATURE:0cxx_generic_lambdas
    Feature record: CXX_FEATURE:1cxx_inheriting_constructors
    Feature record: CXX_FEATURE:1cxx_inline_namespaces
    Feature record: CXX_FEATURE:1cxx_lambdas
    Feature record: CXX_FEATURE:0cxx_lambda_init_captures
    Feature record: CXX_FEATURE:1cxx_local_type_template_args
    Feature record: CXX_FEATURE:1cxx_long_long_type
    Feature record: CXX_FEATURE:1cxx_noexcept
    Feature record: CXX_FEATURE:1cxx_nonstatic_member_init
    Feature record: CXX_FEATURE:1cxx_nullptr
    Feature record: CXX_FEATURE:1cxx_override
    Feature record: CXX_FEATURE:1cxx_range_for
    Feature record: CXX_FEATURE:1cxx_raw_string_literals
    Feature record: CXX_FEATURE:1cxx_reference_qualified_functions
    Feature record: CXX_FEATURE:0cxx_relaxed_constexpr
    Feature record: CXX_FEATURE:0cxx_return_type_deduction
    Feature record: CXX_FEATURE:1cxx_right_angle_brackets
    Feature record: CXX_FEATURE:1cxx_rvalue_references
    Feature record: CXX_FEATURE:1cxx_sizeof_member
    Feature record: CXX_FEATURE:1cxx_static_assert
    Feature record: CXX_FEATURE:1cxx_strong_enums
    Feature record: CXX_FEATURE:1cxx_template_template_parameters
    Feature record: CXX_FEATURE:1cxx_thread_local
    Feature record: CXX_FEATURE:1cxx_trailing_return_types
    Feature record: CXX_FEATURE:1cxx_unicode_literals
    Feature record: CXX_FEATURE:1cxx_uniform_initialization
    Feature record: CXX_FEATURE:1cxx_unrestricted_unions
    Feature record: CXX_FEATURE:1cxx_user_literals
    Feature record: CXX_FEATURE:0cxx_variable_templates
    Feature record: CXX_FEATURE:1cxx_variadic_macros
    Feature record: CXX_FEATURE:1cxx_variadic_templates


Detecting CXX [-std=c++98] compiler features compiled with the following output:
Change Dir: /Users/qiangwang/workspace/grpc/examples/cpp/helloworld/cmake_externalproject/build/CMakeFiles/CMakeTmp

Run Build Command:"/usr/bin/make" "cmTC_f4be9/fast"
/Library/Developer/CommandLineTools/usr/bin/make -f CMakeFiles/cmTC_f4be9.dir/build.make CMakeFiles/cmTC_f4be9.dir/build
Building CXX object CMakeFiles/cmTC_f4be9.dir/feature_tests.cxx.o
/Users/qiangwang/homebrew/Cellar/gcc/8.2.0/bin/g++-8    -std=c++98 -o CMakeFiles/cmTC_f4be9.dir/feature_tests.cxx.o -c /Users/qiangwang/workspace/grpc/examples/cpp/helloworld/cmake_externalproject/build/CMakeFiles/feature_tests.cxx
Linking CXX executable cmTC_f4be9
/Applications/CMake.app/Contents/bin/cmake -E cmake_link_script CMakeFiles/cmTC_f4be9.dir/link.txt --verbose=1
/Users/qiangwang/homebrew/Cellar/gcc/8.2.0/bin/g++-8    -Wl,-search_paths_first -Wl,-headerpad_max_install_names -L/Users/qiangwang/homebrew/opt/llvm/lib  CMakeFiles/cmTC_f4be9.dir/feature_tests.cxx.o  -o cmTC_f4be9 


    Feature record: CXX_FEATURE:0cxx_aggregate_default_initializers
    Feature record: CXX_FEATURE:0cxx_alias_templates
    Feature record: CXX_FEATURE:0cxx_alignas
    Feature record: CXX_FEATURE:0cxx_alignof
    Feature record: CXX_FEATURE:0cxx_attributes
    Feature record: CXX_FEATURE:0cxx_attribute_deprecated
    Feature record: CXX_FEATURE:0cxx_auto_type
    Feature record: CXX_FEATURE:0cxx_binary_literals
    Feature record: CXX_FEATURE:0cxx_constexpr
    Feature record: CXX_FEATURE:0cxx_contextual_conversions
    Feature record: CXX_FEATURE:0cxx_decltype
    Feature record: CXX_FEATURE:0cxx_decltype_auto
    Feature record: CXX_FEATURE:0cxx_decltype_incomplete_return_types
    Feature record: CXX_FEATURE:0cxx_default_function_template_args
    Feature record: CXX_FEATURE:0cxx_defaulted_functions
    Feature record: CXX_FEATURE:0cxx_defaulted_move_initializers
    Feature record: CXX_FEATURE:0cxx_delegating_constructors
    Feature record: CXX_FEATURE:0cxx_deleted_functions
    Feature record: CXX_FEATURE:0cxx_digit_separators
    Feature record: CXX_FEATURE:0cxx_enum_forward_declarations
    Feature record: CXX_FEATURE:0cxx_explicit_conversions
    Feature record: CXX_FEATURE:0cxx_extended_friend_declarations
    Feature record: CXX_FEATURE:0cxx_extern_templates
    Feature record: CXX_FEATURE:0cxx_final
    Feature record: CXX_FEATURE:0cxx_func_identifier
    Feature record: CXX_FEATURE:0cxx_generalized_initializers
    Feature record: CXX_FEATURE:0cxx_generic_lambdas
    Feature record: CXX_FEATURE:0cxx_inheriting_constructors
    Feature record: CXX_FEATURE:0cxx_inline_namespaces
    Feature record: CXX_FEATURE:0cxx_lambdas
    Feature record: CXX_FEATURE:0cxx_lambda_init_captures
    Feature record: CXX_FEATURE:0cxx_local_type_template_args
    Feature record: CXX_FEATURE:0cxx_long_long_type
    Feature record: CXX_FEATURE:0cxx_noexcept
    Feature record: CXX_FEATURE:0cxx_nonstatic_member_init
    Feature record: CXX_FEATURE:0cxx_nullptr
    Feature record: CXX_FEATURE:0cxx_override
    Feature record: CXX_FEATURE:0cxx_range_for
    Feature record: CXX_FEATURE:0cxx_raw_string_literals
    Feature record: CXX_FEATURE:0cxx_reference_qualified_functions
    Feature record: CXX_FEATURE:0cxx_relaxed_constexpr
    Feature record: CXX_FEATURE:0cxx_return_type_deduction
    Feature record: CXX_FEATURE:0cxx_right_angle_brackets
    Feature record: CXX_FEATURE:0cxx_rvalue_references
    Feature record: CXX_FEATURE:0cxx_sizeof_member
    Feature record: CXX_FEATURE:0cxx_static_assert
    Feature record: CXX_FEATURE:0cxx_strong_enums
    Feature record: CXX_FEATURE:1cxx_template_template_parameters
    Feature record: CXX_FEATURE:0cxx_thread_local
    Feature record: CXX_FEATURE:0cxx_trailing_return_types
    Feature record: CXX_FEATURE:0cxx_unicode_literals
    Feature record: CXX_FEATURE:0cxx_uniform_initialization
    Feature record: CXX_FEATURE:0cxx_unrestricted_unions
    Feature record: CXX_FEATURE:0cxx_user_literals
    Feature record: CXX_FEATURE:0cxx_variable_templates
    Feature record: CXX_FEATURE:0cxx_variadic_macros
    Feature record: CXX_FEATURE:0cxx_variadic_templates
