The system is: Darwin - 17.7.0 - x86_64
Compiling the C compiler identification source file "CMakeCCompilerId.c" succeeded.
Compiler: /Library/Developer/CommandLineTools/usr/bin/cc 
Build flags: 
Id flags:  

The output was:
0


Compilation of the C compiler identification source "CMakeCCompilerId.c" produced "a.out"

The C compiler identification is AppleClang, found in "/Users/qiangwang/workspace/grpc/examples/cpp/helloworld/cmake_externalproject/build/zlib/src/zlib-build/CMakeFiles/3.12.3/CompilerIdC/a.out"

Determining if the C compiler works passed with the following output:
Change Dir: /Users/qiangwang/workspace/grpc/examples/cpp/helloworld/cmake_externalproject/build/zlib/src/zlib-build/CMakeFiles/CMakeTmp

Run Build Command:"/usr/bin/make" "cmTC_8520b/fast"
/Library/Developer/CommandLineTools/usr/bin/make -f CMakeFiles/cmTC_8520b.dir/build.make CMakeFiles/cmTC_8520b.dir/build
Building C object CMakeFiles/cmTC_8520b.dir/testCCompiler.c.o
/Library/Developer/CommandLineTools/usr/bin/cc    -o CMakeFiles/cmTC_8520b.dir/testCCompiler.c.o   -c /Users/qiangwang/workspace/grpc/examples/cpp/helloworld/cmake_externalproject/build/zlib/src/zlib-build/CMakeFiles/CMakeTmp/testCCompiler.c
Linking C executable cmTC_8520b
/Applications/CMake.app/Contents/bin/cmake -E cmake_link_script CMakeFiles/cmTC_8520b.dir/link.txt --verbose=1
/Library/Developer/CommandLineTools/usr/bin/cc   -Wl,-search_paths_first -Wl,-headerpad_max_install_names -L/Users/qiangwang/homebrew/opt/llvm/lib  CMakeFiles/cmTC_8520b.dir/testCCompiler.c.o  -o cmTC_8520b 


Detecting C compiler ABI info compiled with the following output:
Change Dir: /Users/qiangwang/workspace/grpc/examples/cpp/helloworld/cmake_externalproject/build/zlib/src/zlib-build/CMakeFiles/CMakeTmp

Run Build Command:"/usr/bin/make" "cmTC_cc19e/fast"
/Library/Developer/CommandLineTools/usr/bin/make -f CMakeFiles/cmTC_cc19e.dir/build.make CMakeFiles/cmTC_cc19e.dir/build
Building C object CMakeFiles/cmTC_cc19e.dir/CMakeCCompilerABI.c.o
/Library/Developer/CommandLineTools/usr/bin/cc    -o CMakeFiles/cmTC_cc19e.dir/CMakeCCompilerABI.c.o   -c /Applications/CMake.app/Contents/share/cmake-3.12/Modules/CMakeCCompilerABI.c
Linking C executable cmTC_cc19e
/Applications/CMake.app/Contents/bin/cmake -E cmake_link_script CMakeFiles/cmTC_cc19e.dir/link.txt --verbose=1
/Library/Developer/CommandLineTools/usr/bin/cc   -Wl,-search_paths_first -Wl,-headerpad_max_install_names -L/Users/qiangwang/homebrew/opt/llvm/lib -v -Wl,-v CMakeFiles/cmTC_cc19e.dir/CMakeCCompilerABI.c.o  -o cmTC_cc19e 
Apple LLVM version 10.0.0 (clang-1000.10.43.1)
Target: x86_64-apple-darwin17.7.0
Thread model: posix
InstalledDir: /Library/Developer/CommandLineTools/usr/bin
 "/Library/Developer/CommandLineTools/usr/bin/ld" -demangle -lto_library /Library/Developer/CommandLineTools/usr/lib/libLTO.dylib -dynamic -arch x86_64 -macosx_version_min 10.13.0 -o cmTC_cc19e -L/Users/qiangwang/homebrew/opt/llvm/lib -search_paths_first -headerpad_max_install_names -v CMakeFiles/cmTC_cc19e.dir/CMakeCCompilerABI.c.o -lSystem /Library/Developer/CommandLineTools/usr/lib/clang/10.0.0/lib/darwin/libclang_rt.osx.a
@(#)PROGRAM:ld  PROJECT:ld64-409.12
BUILD 15:39:49 Aug  8 2018
configured to support archs: armv6 armv7 armv7s arm64 i386 x86_64 x86_64h armv6m armv7k armv7m armv7em
Library search paths:
	/Users/qiangwang/homebrew/opt/llvm/lib
	/usr/lib
	/usr/local/lib
Framework search paths:
	/Library/Frameworks/
	/System/Library/Frameworks/


Parsed C implicit link information from above output:
  link line regex: [^( *|.*[/\])(ld|CMAKE_LINK_STARTFILE-NOTFOUND|([^/\]+-)?ld|collect2)[^/\]*( |$)]
  ignore line: [Change Dir: /Users/qiangwang/workspace/grpc/examples/cpp/helloworld/cmake_externalproject/build/zlib/src/zlib-build/CMakeFiles/CMakeTmp]
  ignore line: []
  ignore line: [Run Build Command:"/usr/bin/make" "cmTC_cc19e/fast"]
  ignore line: [/Library/Developer/CommandLineTools/usr/bin/make -f CMakeFiles/cmTC_cc19e.dir/build.make CMakeFiles/cmTC_cc19e.dir/build]
  ignore line: [Building C object CMakeFiles/cmTC_cc19e.dir/CMakeCCompilerABI.c.o]
  ignore line: [/Library/Developer/CommandLineTools/usr/bin/cc    -o CMakeFiles/cmTC_cc19e.dir/CMakeCCompilerABI.c.o   -c /Applications/CMake.app/Contents/share/cmake-3.12/Modules/CMakeCCompilerABI.c]
  ignore line: [Linking C executable cmTC_cc19e]
  ignore line: [/Applications/CMake.app/Contents/bin/cmake -E cmake_link_script CMakeFiles/cmTC_cc19e.dir/link.txt --verbose=1]
  ignore line: [/Library/Developer/CommandLineTools/usr/bin/cc   -Wl,-search_paths_first -Wl,-headerpad_max_install_names -L/Users/qiangwang/homebrew/opt/llvm/lib -v -Wl,-v CMakeFiles/cmTC_cc19e.dir/CMakeCCompilerABI.c.o  -o cmTC_cc19e ]
  ignore line: [Apple LLVM version 10.0.0 (clang-1000.10.43.1)]
  ignore line: [Target: x86_64-apple-darwin17.7.0]
  ignore line: [Thread model: posix]
  ignore line: [InstalledDir: /Library/Developer/CommandLineTools/usr/bin]
  link line: [ "/Library/Developer/CommandLineTools/usr/bin/ld" -demangle -lto_library /Library/Developer/CommandLineTools/usr/lib/libLTO.dylib -dynamic -arch x86_64 -macosx_version_min 10.13.0 -o cmTC_cc19e -L/Users/qiangwang/homebrew/opt/llvm/lib -search_paths_first -headerpad_max_install_names -v CMakeFiles/cmTC_cc19e.dir/CMakeCCompilerABI.c.o -lSystem /Library/Developer/CommandLineTools/usr/lib/clang/10.0.0/lib/darwin/libclang_rt.osx.a]
    arg [/Library/Developer/CommandLineTools/usr/bin/ld] ==> ignore
    arg [-demangle] ==> ignore
    arg [-lto_library] ==> ignore, skip following value
    arg [/Library/Developer/CommandLineTools/usr/lib/libLTO.dylib] ==> skip value of -lto_library
    arg [-dynamic] ==> ignore
    arg [-arch] ==> ignore
    arg [x86_64] ==> ignore
    arg [-macosx_version_min] ==> ignore
    arg [10.13.0] ==> ignore
    arg [-o] ==> ignore
    arg [cmTC_cc19e] ==> ignore
    arg [-L/Users/qiangwang/homebrew/opt/llvm/lib] ==> dir [/Users/qiangwang/homebrew/opt/llvm/lib]
    arg [-search_paths_first] ==> ignore
    arg [-headerpad_max_install_names] ==> ignore
    arg [-v] ==> ignore
    arg [CMakeFiles/cmTC_cc19e.dir/CMakeCCompilerABI.c.o] ==> ignore
    arg [-lSystem] ==> lib [System]
    arg [/Library/Developer/CommandLineTools/usr/lib/clang/10.0.0/lib/darwin/libclang_rt.osx.a] ==> lib [/Library/Developer/CommandLineTools/usr/lib/clang/10.0.0/lib/darwin/libclang_rt.osx.a]
  Library search paths: [;/Users/qiangwang/homebrew/opt/llvm/lib;/usr/lib;/usr/local/lib]
  Framework search paths: [;/Library/Frameworks/;/System/Library/Frameworks/]
  remove lib [System]
  remove lib [/Library/Developer/CommandLineTools/usr/lib/clang/10.0.0/lib/darwin/libclang_rt.osx.a]
  collapse library dir [/Users/qiangwang/homebrew/opt/llvm/lib] ==> [/Users/qiangwang/homebrew/opt/llvm/lib]
  collapse library dir [/Users/qiangwang/homebrew/opt/llvm/lib] ==> [/Users/qiangwang/homebrew/opt/llvm/lib]
  collapse library dir [/usr/lib] ==> [/usr/lib]
  collapse library dir [/usr/local/lib] ==> [/usr/local/lib]
  collapse framework dir [/Library/Frameworks/] ==> [/Library/Frameworks]
  collapse framework dir [/System/Library/Frameworks/] ==> [/System/Library/Frameworks]
  implicit libs: []
  implicit dirs: [/Users/qiangwang/homebrew/opt/llvm/lib;/usr/lib;/usr/local/lib]
  implicit fwks: [/Library/Frameworks;/System/Library/Frameworks]




Detecting C [-std=c11] compiler features compiled with the following output:
Change Dir: /Users/qiangwang/workspace/grpc/examples/cpp/helloworld/cmake_externalproject/build/zlib/src/zlib-build/CMakeFiles/CMakeTmp

Run Build Command:"/usr/bin/make" "cmTC_12b1c/fast"
/Library/Developer/CommandLineTools/usr/bin/make -f CMakeFiles/cmTC_12b1c.dir/build.make CMakeFiles/cmTC_12b1c.dir/build
Building C object CMakeFiles/cmTC_12b1c.dir/feature_tests.c.o
/Library/Developer/CommandLineTools/usr/bin/cc   -std=c11 -o CMakeFiles/cmTC_12b1c.dir/feature_tests.c.o   -c /Users/qiangwang/workspace/grpc/examples/cpp/helloworld/cmake_externalproject/build/zlib/src/zlib-build/CMakeFiles/feature_tests.c
Linking C executable cmTC_12b1c
/Applications/CMake.app/Contents/bin/cmake -E cmake_link_script CMakeFiles/cmTC_12b1c.dir/link.txt --verbose=1
/Library/Developer/CommandLineTools/usr/bin/cc   -Wl,-search_paths_first -Wl,-headerpad_max_install_names -L/Users/qiangwang/homebrew/opt/llvm/lib  CMakeFiles/cmTC_12b1c.dir/feature_tests.c.o  -o cmTC_12b1c 


    Feature record: C_FEATURE:1c_function_prototypes
    Feature record: C_FEATURE:1c_restrict
    Feature record: C_FEATURE:1c_static_assert
    Feature record: C_FEATURE:1c_variadic_macros


Detecting C [-std=c99] compiler features compiled with the following output:
Change Dir: /Users/qiangwang/workspace/grpc/examples/cpp/helloworld/cmake_externalproject/build/zlib/src/zlib-build/CMakeFiles/CMakeTmp

Run Build Command:"/usr/bin/make" "cmTC_5e643/fast"
/Library/Developer/CommandLineTools/usr/bin/make -f CMakeFiles/cmTC_5e643.dir/build.make CMakeFiles/cmTC_5e643.dir/build
Building C object CMakeFiles/cmTC_5e643.dir/feature_tests.c.o
/Library/Developer/CommandLineTools/usr/bin/cc   -std=c99 -o CMakeFiles/cmTC_5e643.dir/feature_tests.c.o   -c /Users/qiangwang/workspace/grpc/examples/cpp/helloworld/cmake_externalproject/build/zlib/src/zlib-build/CMakeFiles/feature_tests.c
Linking C executable cmTC_5e643
/Applications/CMake.app/Contents/bin/cmake -E cmake_link_script CMakeFiles/cmTC_5e643.dir/link.txt --verbose=1
/Library/Developer/CommandLineTools/usr/bin/cc   -Wl,-search_paths_first -Wl,-headerpad_max_install_names -L/Users/qiangwang/homebrew/opt/llvm/lib  CMakeFiles/cmTC_5e643.dir/feature_tests.c.o  -o cmTC_5e643 


    Feature record: C_FEATURE:1c_function_prototypes
    Feature record: C_FEATURE:1c_restrict
    Feature record: C_FEATURE:0c_static_assert
    Feature record: C_FEATURE:1c_variadic_macros


Detecting C [-std=c90] compiler features compiled with the following output:
Change Dir: /Users/qiangwang/workspace/grpc/examples/cpp/helloworld/cmake_externalproject/build/zlib/src/zlib-build/CMakeFiles/CMakeTmp

Run Build Command:"/usr/bin/make" "cmTC_a57a4/fast"
/Library/Developer/CommandLineTools/usr/bin/make -f CMakeFiles/cmTC_a57a4.dir/build.make CMakeFiles/cmTC_a57a4.dir/build
Building C object CMakeFiles/cmTC_a57a4.dir/feature_tests.c.o
/Library/Developer/CommandLineTools/usr/bin/cc   -std=c90 -o CMakeFiles/cmTC_a57a4.dir/feature_tests.c.o   -c /Users/qiangwang/workspace/grpc/examples/cpp/helloworld/cmake_externalproject/build/zlib/src/zlib-build/CMakeFiles/feature_tests.c
Linking C executable cmTC_a57a4
/Applications/CMake.app/Contents/bin/cmake -E cmake_link_script CMakeFiles/cmTC_a57a4.dir/link.txt --verbose=1
/Library/Developer/CommandLineTools/usr/bin/cc   -Wl,-search_paths_first -Wl,-headerpad_max_install_names -L/Users/qiangwang/homebrew/opt/llvm/lib  CMakeFiles/cmTC_a57a4.dir/feature_tests.c.o  -o cmTC_a57a4 


    Feature record: C_FEATURE:1c_function_prototypes
    Feature record: C_FEATURE:0c_restrict
    Feature record: C_FEATURE:0c_static_assert
    Feature record: C_FEATURE:0c_variadic_macros
Determining if the include file sys/types.h exists passed with the following output:
Change Dir: /Users/qiangwang/workspace/grpc/examples/cpp/helloworld/cmake_externalproject/build/zlib/src/zlib-build/CMakeFiles/CMakeTmp

Run Build Command:"/usr/bin/make" "cmTC_79497/fast"
/Library/Developer/CommandLineTools/usr/bin/make -f CMakeFiles/cmTC_79497.dir/build.make CMakeFiles/cmTC_79497.dir/build
Building C object CMakeFiles/cmTC_79497.dir/CheckIncludeFile.c.o
/Library/Developer/CommandLineTools/usr/bin/cc    -o CMakeFiles/cmTC_79497.dir/CheckIncludeFile.c.o   -c /Users/qiangwang/workspace/grpc/examples/cpp/helloworld/cmake_externalproject/build/zlib/src/zlib-build/CMakeFiles/CMakeTmp/CheckIncludeFile.c
Linking C executable cmTC_79497
/Applications/CMake.app/Contents/bin/cmake -E cmake_link_script CMakeFiles/cmTC_79497.dir/link.txt --verbose=1
/Library/Developer/CommandLineTools/usr/bin/cc   -Wl,-search_paths_first -Wl,-headerpad_max_install_names -L/Users/qiangwang/homebrew/opt/llvm/lib  CMakeFiles/cmTC_79497.dir/CheckIncludeFile.c.o  -o cmTC_79497 


Determining if the include file stdint.h exists passed with the following output:
Change Dir: /Users/qiangwang/workspace/grpc/examples/cpp/helloworld/cmake_externalproject/build/zlib/src/zlib-build/CMakeFiles/CMakeTmp

Run Build Command:"/usr/bin/make" "cmTC_375ef/fast"
/Library/Developer/CommandLineTools/usr/bin/make -f CMakeFiles/cmTC_375ef.dir/build.make CMakeFiles/cmTC_375ef.dir/build
Building C object CMakeFiles/cmTC_375ef.dir/CheckIncludeFile.c.o
/Library/Developer/CommandLineTools/usr/bin/cc    -o CMakeFiles/cmTC_375ef.dir/CheckIncludeFile.c.o   -c /Users/qiangwang/workspace/grpc/examples/cpp/helloworld/cmake_externalproject/build/zlib/src/zlib-build/CMakeFiles/CMakeTmp/CheckIncludeFile.c
Linking C executable cmTC_375ef
/Applications/CMake.app/Contents/bin/cmake -E cmake_link_script CMakeFiles/cmTC_375ef.dir/link.txt --verbose=1
/Library/Developer/CommandLineTools/usr/bin/cc   -Wl,-search_paths_first -Wl,-headerpad_max_install_names -L/Users/qiangwang/homebrew/opt/llvm/lib  CMakeFiles/cmTC_375ef.dir/CheckIncludeFile.c.o  -o cmTC_375ef 


Determining if the include file stddef.h exists passed with the following output:
Change Dir: /Users/qiangwang/workspace/grpc/examples/cpp/helloworld/cmake_externalproject/build/zlib/src/zlib-build/CMakeFiles/CMakeTmp

Run Build Command:"/usr/bin/make" "cmTC_74f86/fast"
/Library/Developer/CommandLineTools/usr/bin/make -f CMakeFiles/cmTC_74f86.dir/build.make CMakeFiles/cmTC_74f86.dir/build
Building C object CMakeFiles/cmTC_74f86.dir/CheckIncludeFile.c.o
/Library/Developer/CommandLineTools/usr/bin/cc    -o CMakeFiles/cmTC_74f86.dir/CheckIncludeFile.c.o   -c /Users/qiangwang/workspace/grpc/examples/cpp/helloworld/cmake_externalproject/build/zlib/src/zlib-build/CMakeFiles/CMakeTmp/CheckIncludeFile.c
Linking C executable cmTC_74f86
/Applications/CMake.app/Contents/bin/cmake -E cmake_link_script CMakeFiles/cmTC_74f86.dir/link.txt --verbose=1
/Library/Developer/CommandLineTools/usr/bin/cc   -Wl,-search_paths_first -Wl,-headerpad_max_install_names -L/Users/qiangwang/homebrew/opt/llvm/lib  CMakeFiles/cmTC_74f86.dir/CheckIncludeFile.c.o  -o cmTC_74f86 


Determining if the function fseeko exists passed with the following output:
Change Dir: /Users/qiangwang/workspace/grpc/examples/cpp/helloworld/cmake_externalproject/build/zlib/src/zlib-build/CMakeFiles/CMakeTmp

Run Build Command:"/usr/bin/make" "cmTC_2d298/fast"
/Library/Developer/CommandLineTools/usr/bin/make -f CMakeFiles/cmTC_2d298.dir/build.make CMakeFiles/cmTC_2d298.dir/build
Building C object CMakeFiles/cmTC_2d298.dir/CheckFunctionExists.c.o
/Library/Developer/CommandLineTools/usr/bin/cc   -DCHECK_FUNCTION_EXISTS=fseeko   -o CMakeFiles/cmTC_2d298.dir/CheckFunctionExists.c.o   -c /Applications/CMake.app/Contents/share/cmake-3.12/Modules/CheckFunctionExists.c
Linking C executable cmTC_2d298
/Applications/CMake.app/Contents/bin/cmake -E cmake_link_script CMakeFiles/cmTC_2d298.dir/link.txt --verbose=1
/Library/Developer/CommandLineTools/usr/bin/cc  -DCHECK_FUNCTION_EXISTS=fseeko -Wl,-search_paths_first -Wl,-headerpad_max_install_names -L/Users/qiangwang/homebrew/opt/llvm/lib  CMakeFiles/cmTC_2d298.dir/CheckFunctionExists.c.o  -o cmTC_2d298 


Determining if the include file unistd.h exists passed with the following output:
Change Dir: /Users/qiangwang/workspace/grpc/examples/cpp/helloworld/cmake_externalproject/build/zlib/src/zlib-build/CMakeFiles/CMakeTmp

Run Build Command:"/usr/bin/make" "cmTC_2d96b/fast"
/Library/Developer/CommandLineTools/usr/bin/make -f CMakeFiles/cmTC_2d96b.dir/build.make CMakeFiles/cmTC_2d96b.dir/build
Building C object CMakeFiles/cmTC_2d96b.dir/CheckIncludeFile.c.o
/Library/Developer/CommandLineTools/usr/bin/cc    -o CMakeFiles/cmTC_2d96b.dir/CheckIncludeFile.c.o   -c /Users/qiangwang/workspace/grpc/examples/cpp/helloworld/cmake_externalproject/build/zlib/src/zlib-build/CMakeFiles/CMakeTmp/CheckIncludeFile.c
Linking C executable cmTC_2d96b
/Applications/CMake.app/Contents/bin/cmake -E cmake_link_script CMakeFiles/cmTC_2d96b.dir/link.txt --verbose=1
/Library/Developer/CommandLineTools/usr/bin/cc   -Wl,-search_paths_first -Wl,-headerpad_max_install_names -L/Users/qiangwang/homebrew/opt/llvm/lib  CMakeFiles/cmTC_2d96b.dir/CheckIncludeFile.c.o  -o cmTC_2d96b 


